[33mThe CJS build of Vite's Node API is deprecated. See https://vite.dev/guide/troubleshooting.html#vite-cjs-node-api-deprecated for more details.[39m
[36mvite v5.4.21 [32mbuilding for production...[36m[39m
transforming...
(node:9028) [MODULE_TYPELESS_PACKAGE_JSON] Warning: Module type of file:///c:/Users/legna/Projects/260224%20kiwoom%20rest%20api/postcss.config.js is not specified and it doesn't parse as CommonJS.
Reparsing as ES module because module syntax was detected. This incurs a performance overhead.
To eliminate this warning, add "type": "module" to c:\Users\legna\Projects\260224 kiwoom rest api\package.json.
(Use `node --trace-warnings ...` to show where the warning was created)
[32m✓[39m 1763 modules transformed.
rendering chunks...
computing gzip size...
[2mdist/[22m[32mindex.html                 [39m[1m[2m  0.48 kB[22m[1m[22m[2m │ gzip:   0.31 kB[22m
[2mdist/[22m[35massets/index-D2y4ZpG-.css  [39m[1m[2m 46.09 kB[22m[1m[22m[2m │ gzip:   7.87 kB[22m
[2mdist/[22m[36massets/index-BQNpZLSQ.js   [39m[1m[33m567.36 kB[39m[22m[2m │ gzip: 175.73 kB[22m
[33m
(!) Some chunks are larger than 500 kB after minification. Consider:
- Using dynamic import() to code-split the application
- Use build.rollupOptions.output.manualChunks to improve chunking: https://rollupjs.org/configuration-options/#output-manualchunks
- Adjust chunk size limit for this warning via build.chunkSizeWarningLimit.[39m
[32m✓ built in 3.14s[39m
[36mvite v5.4.21 [32mbuilding for production...[36m[39m
transforming...
[32m✓[39m 8 modules transformed.
rendering chunks...
computing gzip size...
[2mdist-electron/[22m[36mmain.js  [39m[1m[2m29.98 kB[22m[1m[22m[2m │ gzip: 9.87 kB[22m
[32m✓ built in 53ms[39m
[36mvite v5.4.21 [32mbuilding for production...[36m[39m
transforming...
[32m✓[39m 1 modules transformed.
rendering chunks...
computing gzip size...
[2mdist-electron/[22m[36mpreload.js  [39m[1m[2m2.30 kB[22m[1m[22m[2m │ gzip: 0.62 kB[22m
[32m✓ built in 10ms[39m
